[0427/144440.500:ERROR:process_memory_win.cc(73)] ReadMemory at 0x2592e42c150 of 72 bytes failed: Only part of a ReadProcessMemory or WriteProcessMemory request was completed. (0x12B)
[0427/144440.502:WARNING:pe_image_annotations_reader.cc(134)] could not read annotations list object in C:\Program Files (x86)\Google\Chrome\Application\81.0.4044.122\chrome_elf.dll
[0427/144440.502:ERROR:process_memory_win.cc(73)] ReadMemory at 0x2592e9a8010 of 72 bytes failed: Only part of a ReadProcessMemory or WriteProcessMemory request was completed. (0x12B)
[0427/144440.502:WARNING:pe_image_annotations_reader.cc(134)] could not read annotations list object in C:\Program Files (x86)\Google\Chrome\Application\81.0.4044.122\chrome.dll
[0427/144440.540:ERROR:process_memory_win.cc(73)] ReadMemory at 0x7ff793b90000 of 64 bytes failed: Only part of a ReadProcessMemory or WriteProcessMemory request was completed. (0x12B)
[0427/144440.540:WARNING:pe_image_reader.cc(340)] could not read dos header from C:\Program Files (x86)\Google\Chrome\Application\chrome.exe
[0427/144440.541:ERROR:process_memory_win.cc(73)] ReadMemory at 0x7ff82dde0000 of 64 bytes failed: Only part of a ReadProcessMemory or WriteProcessMemory request was completed. (0x12B)
[0427/144440.541:WARNING:pe_image_reader.cc(340)] could not read dos header from C:\Windows\SYSTEM32\ntdll.dll
[0427/144440.541:ERROR:process_memory_win.cc(73)] ReadMemory at 0x7ff82c600000 of 64 bytes failed: Only part of a ReadProcessMemory or WriteProcessMemory request was completed. (0x12B)
[0427/144440.541:WARNING:pe_image_reader.cc(340)] could not read dos header from C:\Windows\System32\KERNEL32.DLL
[0427/144440.541:ERROR:process_memory_win.cc(73)] ReadMemory at 0x7ff82aff0000 of 64 bytes failed: Only part of a ReadProcessMemory or WriteProcessMemory request was completed. (0x12B)
[0427/144440.541:WARNING:pe_image_reader.cc(340)] could not read dos header from C:\Windows\System32\KERNELBASE.dll
[0427/144440.541:ERROR:process_memory_win.cc(73)] ReadMemory at 0x7fffe6930000 of 64 bytes failed: Only part of a ReadProcessMemory or WriteProcessMemory request was completed. (0x12B)
[0427/144440.541:WARNING:pe_image_reader.cc(340)] could not read dos header from C:\Program Files (x86)\Google\Chrome\Application\81.0.4044.122\chrome_elf.dll
[0427/144440.541:ERROR:process_memory_win.cc(73)] ReadMemory at 0x7ff8214f0000 of 64 bytes failed: Only part of a ReadProcessMemory or WriteProcessMemory request was completed. (0x12B)
[0427/144440.541:WARNING:pe_image_reader.cc(340)] could not read dos header from C:\Windows\SYSTEM32\VERSION.dll
[0427/144440.541:ERROR:process_memory_win.cc(73)] ReadMemory at 0x7ff82c560000 of 64 bytes failed: Only part of a ReadProcessMemory or WriteProcessMemory request was completed. (0x12B)
[0427/144440.541:WARNING:pe_image_reader.cc(340)] could not read dos header from C:\Windows\System32\msvcrt.dll
[0427/144440.541:ERROR:process_memory_win.cc(73)] ReadMemory at 0x7ff82ada0000 of 64 bytes failed: Only part of a ReadProcessMemory or WriteProcessMemory request was completed. (0x12B)
[0427/144440.541:WARNING:pe_image_reader.cc(340)] could not read dos header from C:\Windows\System32\bcryptPrimitives.dll
[0427/144440.541:ERROR:process_memory_win.cc(73)] ReadMemory at 0x7ff82c2a0000 of 64 bytes failed: Only part of a ReadProcessMemory or WriteProcessMemory request was completed. (0x12B)
[0427/144440.541:WARNING:pe_image_reader.cc(340)] could not read dos header from C:\Windows\System32\ADVAPI32.dll
[0427/144440.541:ERROR:process_memory_win.cc(73)] ReadMemory at 0x7ff82c4c0000 of 64 bytes failed: Only part of a ReadProcessMemory or WriteProcessMemory request was completed. (0x12B)
[0427/144440.541:WARNING:pe_image_reader.cc(340)] could not read dos header from C:\Windows\System32\sechost.dll
[0427/144440.541:ERROR:process_memory_win.cc(73)] ReadMemory at 0x7ff82ca50000 of 64 bytes failed: Only part of a ReadProcessMemory or WriteProcessMemory request was completed. (0x12B)
[0427/144440.541:WARNING:pe_image_reader.cc(340)] could not read dos header from C:\Windows\System32\RPCRT4.dll
[0427/144440.541:ERROR:process_memory_win.cc(73)] ReadMemory at 0x7fffa42c0000 of 64 bytes failed: Only part of a ReadProcessMemory or WriteProcessMemory request was completed. (0x12B)
[0427/144440.541:WARNING:pe_image_reader.cc(340)] could not read dos header from C:\Program Files (x86)\Google\Chrome\Application\81.0.4044.122\chrome.dll
[0427/144440.541:ERROR:process_memory_win.cc(73)] ReadMemory at 0x7ff82c900000 of 64 bytes failed: Only part of a ReadProcessMemory or WriteProcessMemory request was completed. (0x12B)
[0427/144440.541:WARNING:pe_image_reader.cc(340)] could not read dos header from C:\Windows\System32\WS2_32.dll
[0427/144440.541:ERROR:process_memory_win.cc(73)] ReadMemory at 0x7ff82cbd0000 of 64 bytes failed: Only part of a ReadProcessMemory or WriteProcessMemory request was completed. (0x12B)
[0427/144440.542:WARNING:pe_image_reader.cc(340)] could not read dos header from C:\Windows\System32\OLEAUT32.dll
[0427/144440.542:ERROR:process_memory_win.cc(73)] ReadMemory at 0x7ff82bcd0000 of 64 bytes failed: Only part of a ReadProcessMemory or WriteProcessMemory request was completed. (0x12B)
[0427/144440.542:WARNING:pe_image_reader.cc(340)] could not read dos header from C:\Windows\System32\msvcp_win.dll
[0427/144440.542:ERROR:process_memory_win.cc(73)] ReadMemory at 0x7ff82b2a0000 of 64 bytes failed: Only part of a ReadProcessMemory or WriteProcessMemory request was completed. (0x12B)
[0427/144440.542:WARNING:pe_image_reader.cc(340)] could not read dos header from C:\Windows\System32\ucrtbase.dll
[0427/144440.542:ERROR:process_memory_win.cc(73)] ReadMemory at 0x7ff82be90000 of 64 bytes failed: Only part of a ReadProcessMemory or WriteProcessMemory request was completed. (0x12B)
[0427/144440.542:WARNING:pe_image_reader.cc(340)] could not read dos header from C:\Windows\System32\combase.dll
[0427/144440.542:ERROR:process_memory_win.cc(73)] ReadMemory at 0x7ff82b3a0000 of 64 bytes failed: Only part of a ReadProcessMemory or WriteProcessMemory request was completed. (0x12B)
[0427/144440.542:WARNING:pe_image_reader.cc(340)] could not read dos header from C:\Windows\System32\WINTRUST.dll
[0427/144440.542:ERROR:process_memory_win.cc(73)] ReadMemory at 0x7ff82ad20000 of 64 bytes failed: Only part of a ReadProcessMemory or WriteProcessMemory request was completed. (0x12B)
[0427/144440.542:WARNING:pe_image_reader.cc(340)] could not read dos header from C:\Windows\System32\MSASN1.dll
[0427/144440.542:ERROR:process_memory_win.cc(73)] ReadMemory at 0x7ff82bb80000 of 64 bytes failed: Only part of a ReadProcessMemory or WriteProcessMemory request was completed. (0x12B)
[0427/144440.542:WARNING:pe_image_reader.cc(340)] could not read dos header from C:\Windows\System32\CRYPT32.dll
[0427/144440.542:ERROR:process_memory_win.cc(73)] ReadMemory at 0x7ff82a220000 of 64 bytes failed: Only part of a ReadProcessMemory or WriteProcessMemory request was completed. (0x12B)
[0427/144440.542:WARNING:pe_image_reader.cc(340)] could not read dos header from C:\Windows\SYSTEM32\IPHLPAPI.DLL
[0427/144440.542:ERROR:process_memory_win.cc(73)] ReadMemory at 0x7ff8254f0000 of 64 bytes failed: Only part of a ReadProcessMemory or WriteProcessMemory request was completed. (0x12B)
[0427/144440.542:WARNING:pe_image_reader.cc(340)] could not read dos header from C:\Windows\SYSTEM32\WINMM.dll
[0427/144440.542:ERROR:process_memory_win.cc(73)] ReadMemory at 0x7ff80e950000 of 64 bytes failed: Only part of a ReadProcessMemory or WriteProcessMemory request was completed. (0x12B)
[0427/144440.542:WARNING:pe_image_reader.cc(340)] could not read dos header from C:\Windows\SYSTEM32\Secur32.dll
[0427/144440.542:ERROR:process_memory_win.cc(73)] ReadMemory at 0x7ff82ab90000 of 64 bytes failed: Only part of a ReadProcessMemory or WriteProcessMemory request was completed. (0x12B)
[0427/144440.542:WARNING:pe_image_reader.cc(340)] could not read dos header from C:\Windows\SYSTEM32\USERENV.dll
[0427/144440.542:ERROR:process_memory_win.cc(73)] ReadMemory at 0x7ff82ad40000 of 64 bytes failed: Only part of a ReadProcessMemory or WriteProcessMemory request was completed. (0x12B)
[0427/144440.542:WARNING:pe_image_reader.cc(340)] could not read dos header from C:\Windows\System32\profapi.dll
[0427/144440.542:ERROR:process_memory_win.cc(73)] ReadMemory at 0x7ffff0b00000 of 64 bytes failed: Only part of a ReadProcessMemory or WriteProcessMemory request was completed. (0x12B)
[0427/144440.542:WARNING:pe_image_reader.cc(340)] could not read dos header from C:\Windows\SYSTEM32\UIAutomationCore.DLL
[0427/144440.542:ERROR:process_memory_win.cc(73)] ReadMemory at 0x7ff8185a0000 of 64 bytes failed: Only part of a ReadProcessMemory or WriteProcessMemory request was completed. (0x12B)
[0427/144440.542:WARNING:pe_image_reader.cc(340)] could not read dos header from C:\Windows\SYSTEM32\DWrite.dll
[0427/144440.542:ERROR:process_memory_win.cc(73)] ReadMemory at 0x7ff80edb0000 of 64 bytes failed: Only part of a ReadProcessMemory or WriteProcessMemory request was completed. (0x12B)
[0427/144440.542:WARNING:pe_image_reader.cc(340)] could not read dos header from C:\Windows\SYSTEM32\WINSPOOL.DRV
[0427/144440.542:ERROR:process_memory_win.cc(73)] ReadMemory at 0x7ff82ad00000 of 64 bytes failed: Only part of a ReadProcessMemory or WriteProcessMemory request was completed. (0x12B)
[0427/144440.542:WARNING:pe_image_reader.cc(340)] could not read dos header from C:\Windows\System32\kernel.appcore.dll
[0427/144440.542:ERROR:process_memory_win.cc(73)] ReadMemory at 0x7ff82afc0000 of 64 bytes failed: Only part of a ReadProcessMemory or WriteProcessMemory request was completed. (0x12B)
[0427/144440.542:WARNING:pe_image_reader.cc(340)] could not read dos header from C:\Windows\System32\bcrypt.dll
[0427/144440.542:ERROR:process_memory_win.cc(73)] ReadMemory at 0x7ff826570000 of 64 bytes failed: Only part of a ReadProcessMemory or WriteProcessMemory request was completed. (0x12B)
[0427/144440.542:WARNING:pe_image_reader.cc(340)] could not read dos header from C:\Windows\SYSTEM32\dbghelp.dll
[0427/144440.542:ERROR:process_memory_win.cc(73)] ReadMemory at 0x7ff821500000 of 64 bytes failed: Only part of a ReadProcessMemory or WriteProcessMemory request was completed. (0x12B)
[0427/144440.542:WARNING:pe_image_reader.cc(340)] could not read dos header from C:\Windows\SYSTEM32\WINHTTP.dll
[0427/144440.542:ERROR:process_memory_win.cc(73)] ReadMemory at 0x7ff81d910000 of 64 bytes failed: Only part of a ReadProcessMemory or WriteProcessMemory request was completed. (0x12B)
[0427/144440.542:WARNING:pe_image_reader.cc(340)] could not read dos header from C:\Windows\SYSTEM32\dhcpcsvc.DLL
[0427/144440.542:ERROR:process_memory_win.cc(73)] ReadMemory at 0x7ff82c8f0000 of 64 bytes failed: Only part of a ReadProcessMemory or WriteProcessMemory request was completed. (0x12B)
[0427/144440.542:WARNING:pe_image_reader.cc(340)] could not read dos header from C:\Windows\System32\NSI.dll
[0427/144440.542:ERROR:process_memory_win.cc(73)] ReadMemory at 0x7ff8253e0000 of 64 bytes failed: Only part of a ReadProcessMemory or WriteProcessMemory request was completed. (0x12B)
[0427/144440.542:WARNING:pe_image_reader.cc(340)] could not read dos header from C:\Windows\SYSTEM32\WINMMBASE.dll
[0427/144440.542:ERROR:process_memory_win.cc(73)] ReadMemory at 0x7ff82be40000 of 64 bytes failed: Only part of a ReadProcessMemory or WriteProcessMemory request was completed. (0x12B)
[0427/144440.542:WARNING:pe_image_reader.cc(340)] could not read dos header from C:\Windows\System32\cfgmgr32.dll
[0427/144440.542:ERROR:process_memory_win.cc(73)] ReadMemory at 0x7ff823f90000 of 64 bytes failed: Only part of a ReadProcessMemory or WriteProcessMemory request was completed. (0x12B)
[0427/144440.542:WARNING:pe_image_reader.cc(340)] could not read dos header from C:\Windows\SYSTEM32\PROPSYS.dll
[0427/144440.542:ERROR:process_memory_win.cc(73)] ReadMemory at 0x7ff82d430000 of 64 bytes failed: Only part of a ReadProcessMemory or WriteProcessMemory request was completed. (0x12B)
[0427/144440.542:WARNING:pe_image_reader.cc(340)] could not read dos header from C:\Windows\System32\shcore.dll
[0427/144440.542:ERROR:process_memory_win.cc(73)] ReadMemory at 0x7ff82abc0000 of 64 bytes failed: Only part of a ReadProcessMemory or WriteProcessMemory request was completed. (0x12B)
[0427/144440.542:WARNING:pe_image_reader.cc(340)] could not read dos header from C:\Windows\SYSTEM32\SSPICLI.DLL
[0427/144440.542:ERROR:process_memory_win.cc(73)] ReadMemory at 0x7ff82a6e0000 of 64 bytes failed: Only part of a ReadProcessMemory or WriteProcessMemory request was completed. (0x12B)
[0427/144440.542:WARNING:pe_image_reader.cc(340)] could not read dos header from C:\Windows\SYSTEM32\CRYPTBASE.DLL
[0427/144440.542:ERROR:process_memory_win.cc(73)] ReadMemory at 0x7ff793b90000 of 64 bytes failed: Only part of a ReadProcessMemory or WriteProcessMemory request was completed. (0x12B)
[0427/144440.542:WARNING:pe_image_reader.cc(340)] could not read dos header from C:\Program Files (x86)\Google\Chrome\Application\chrome.exe
[0427/144440.542:ERROR:process_memory_win.cc(73)] ReadMemory at 0x7ff82dde0000 of 64 bytes failed: Only part of a ReadProcessMemory or WriteProcessMemory request was completed. (0x12B)
[0427/144440.542:WARNING:pe_image_reader.cc(340)] could not read dos header from C:\Windows\SYSTEM32\ntdll.dll
[0427/144440.542:ERROR:process_memory_win.cc(73)] ReadMemory at 0x7ff82c600000 of 64 bytes failed: Only part of a ReadProcessMemory or WriteProcessMemory request was completed. (0x12B)
[0427/144440.542:WARNING:pe_image_reader.cc(340)] could not read dos header from C:\Windows\System32\KERNEL32.DLL
[0427/144440.542:ERROR:process_memory_win.cc(73)] ReadMemory at 0x7ff82aff0000 of 64 bytes failed: Only part of a ReadProcessMemory or WriteProcessMemory request was completed. (0x12B)
[0427/144440.542:WARNING:pe_image_reader.cc(340)] could not read dos header from C:\Windows\System32\KERNELBASE.dll
[0427/144440.542:ERROR:process_memory_win.cc(73)] ReadMemory at 0x7fffe6930000 of 64 bytes failed: Only part of a ReadProcessMemory or WriteProcessMemory request was completed. (0x12B)
[0427/144440.542:WARNING:pe_image_reader.cc(340)] could not read dos header from C:\Program Files (x86)\Google\Chrome\Application\81.0.4044.122\chrome_elf.dll
[0427/144440.542:ERROR:process_memory_win.cc(73)] ReadMemory at 0x7ff8214f0000 of 64 bytes failed: Only part of a ReadProcessMemory or WriteProcessMemory request was completed. (0x12B)
[0427/144440.542:WARNING:pe_image_reader.cc(340)] could not read dos header from C:\Windows\SYSTEM32\VERSION.dll
[0427/144440.542:ERROR:process_memory_win.cc(73)] ReadMemory at 0x7ff82c560000 of 64 bytes failed: Only part of a ReadProcessMemory or WriteProcessMemory request was completed. (0x12B)
[0427/144440.542:WARNING:pe_image_reader.cc(340)] could not read dos header from C:\Windows\System32\msvcrt.dll
[0427/144440.542:ERROR:process_memory_win.cc(73)] ReadMemory at 0x7ff82ada0000 of 64 bytes failed: Only part of a ReadProcessMemory or WriteProcessMemory request was completed. (0x12B)
[0427/144440.542:WARNING:pe_image_reader.cc(340)] could not read dos header from C:\Windows\System32\bcryptPrimitives.dll
[0427/144440.542:ERROR:process_memory_win.cc(73)] ReadMemory at 0x7ff82c2a0000 of 64 bytes failed: Only part of a ReadProcessMemory or WriteProcessMemory request was completed. (0x12B)
[0427/144440.542:WARNING:pe_image_reader.cc(340)] could not read dos header from C:\Windows\System32\ADVAPI32.dll
[0427/144440.542:ERROR:process_memory_win.cc(73)] ReadMemory at 0x7ff82c4c0000 of 64 bytes failed: Only part of a ReadProcessMemory or WriteProcessMemory request was completed. (0x12B)
[0427/144440.542:WARNING:pe_image_reader.cc(340)] could not read dos header from C:\Windows\System32\sechost.dll
[0427/144440.542:ERROR:process_memory_win.cc(73)] ReadMemory at 0x7ff82ca50000 of 64 bytes failed: Only part of a ReadProcessMemory or WriteProcessMemory request was completed. (0x12B)
[0427/144440.542:WARNING:pe_image_reader.cc(340)] could not read dos header from C:\Windows\System32\RPCRT4.dll
[0427/144440.542:ERROR:process_memory_win.cc(73)] ReadMemory at 0x7fffa42c0000 of 64 bytes failed: Only part of a ReadProcessMemory or WriteProcessMemory request was completed. (0x12B)
[0427/144440.542:WARNING:pe_image_reader.cc(340)] could not read dos header from C:\Program Files (x86)\Google\Chrome\Application\81.0.4044.122\chrome.dll
[0427/144440.542:ERROR:process_memory_win.cc(73)] ReadMemory at 0x7ff82c900000 of 64 bytes failed: Only part of a ReadProcessMemory or WriteProcessMemory request was completed. (0x12B)
[0427/144440.542:WARNING:pe_image_reader.cc(340)] could not read dos header from C:\Windows\System32\WS2_32.dll
[0427/144440.542:ERROR:process_memory_win.cc(73)] ReadMemory at 0x7ff82cbd0000 of 64 bytes failed: Only part of a ReadProcessMemory or WriteProcessMemory request was completed. (0x12B)
[0427/144440.542:WARNING:pe_image_reader.cc(340)] could not read dos header from C:\Windows\System32\OLEAUT32.dll
[0427/144440.542:ERROR:process_memory_win.cc(73)] ReadMemory at 0x7ff82bcd0000 of 64 bytes failed: Only part of a ReadProcessMemory or WriteProcessMemory request was completed. (0x12B)
[0427/144440.542:WARNING:pe_image_reader.cc(340)] could not read dos header from C:\Windows\System32\msvcp_win.dll
[0427/144440.542:ERROR:process_memory_win.cc(73)] ReadMemory at 0x7ff82b2a0000 of 64 bytes failed: Only part of a ReadProcessMemory or WriteProcessMemory request was completed. (0x12B)
[0427/144440.542:WARNING:pe_image_reader.cc(340)] could not read dos header from C:\Windows\System32\ucrtbase.dll
[0427/144440.542:ERROR:process_memory_win.cc(73)] ReadMemory at 0x7ff82be90000 of 64 bytes failed: Only part of a ReadProcessMemory or WriteProcessMemory request was completed. (0x12B)
[0427/144440.542:WARNING:pe_image_reader.cc(340)] could not read dos header from C:\Windows\System32\combase.dll
[0427/144440.542:ERROR:process_memory_win.cc(73)] ReadMemory at 0x7ff82b3a0000 of 64 bytes failed: Only part of a ReadProcessMemory or WriteProcessMemory request was completed. (0x12B)
[0427/144440.542:WARNING:pe_image_reader.cc(340)] could not read dos header from C:\Windows\System32\WINTRUST.dll
[0427/144440.542:ERROR:process_memory_win.cc(73)] ReadMemory at 0x7ff82ad20000 of 64 bytes failed: Only part of a ReadProcessMemory or WriteProcessMemory request was completed. (0x12B)
[0427/144440.542:WARNING:pe_image_reader.cc(340)] could not read dos header from C:\Windows\System32\MSASN1.dll
[0427/144440.542:ERROR:process_memory_win.cc(73)] ReadMemory at 0x7ff82bb80000 of 64 bytes failed: Only part of a ReadProcessMemory or WriteProcessMemory request was completed. (0x12B)
[0427/144440.542:WARNING:pe_image_reader.cc(340)] could not read dos header from C:\Windows\System32\CRYPT32.dll
[0427/144440.542:ERROR:process_memory_win.cc(73)] ReadMemory at 0x7ff82a220000 of 64 bytes failed: Only part of a ReadProcessMemory or WriteProcessMemory request was completed. (0x12B)
[0427/144440.542:WARNING:pe_image_reader.cc(340)] could not read dos header from C:\Windows\SYSTEM32\IPHLPAPI.DLL
[0427/144440.542:ERROR:process_memory_win.cc(73)] ReadMemory at 0x7ff8254f0000 of 64 bytes failed: Only part of a ReadProcessMemory or WriteProcessMemory request was completed. (0x12B)
[0427/144440.542:WARNING:pe_image_reader.cc(340)] could not read dos header from C:\Windows\SYSTEM32\WINMM.dll
[0427/144440.542:ERROR:process_memory_win.cc(73)] ReadMemory at 0x7ff80e950000 of 64 bytes failed: Only part of a ReadProcessMemory or WriteProcessMemory request was completed. (0x12B)
[0427/144440.542:WARNING:pe_image_reader.cc(340)] could not read dos header from C:\Windows\SYSTEM32\Secur32.dll
[0427/144440.542:ERROR:process_memory_win.cc(73)] ReadMemory at 0x7ff82ab90000 of 64 bytes failed: Only part of a ReadProcessMemory or WriteProcessMemory request was completed. (0x12B)
[0427/144440.542:WARNING:pe_image_reader.cc(340)] could not read dos header from C:\Windows\SYSTEM32\USERENV.dll
[0427/144440.542:ERROR:process_memory_win.cc(73)] ReadMemory at 0x7ff82ad40000 of 64 bytes failed: Only part of a ReadProcessMemory or WriteProcessMemory request was completed. (0x12B)
[0427/144440.542:WARNING:pe_image_reader.cc(340)] could not read dos header from C:\Windows\System32\profapi.dll
[0427/144440.542:ERROR:process_memory_win.cc(73)] ReadMemory at 0x7ffff0b00000 of 64 bytes failed: Only part of a ReadProcessMemory or WriteProcessMemory request was completed. (0x12B)
[0427/144440.542:WARNING:pe_image_reader.cc(340)] could not read dos header from C:\Windows\SYSTEM32\UIAutomationCore.DLL
[0427/144440.542:ERROR:process_memory_win.cc(73)] ReadMemory at 0x7ff8185a0000 of 64 bytes failed: Only part of a ReadProcessMemory or WriteProcessMemory request was completed. (0x12B)
[0427/144440.542:WARNING:pe_image_reader.cc(340)] could not read dos header from C:\Windows\SYSTEM32\DWrite.dll
[0427/144440.542:ERROR:process_memory_win.cc(73)] ReadMemory at 0x7ff80edb0000 of 64 bytes failed: Only part of a ReadProcessMemory or WriteProcessMemory request was completed. (0x12B)
[0427/144440.542:WARNING:pe_image_reader.cc(340)] could not read dos header from C:\Windows\SYSTEM32\WINSPOOL.DRV
[0427/144440.542:ERROR:process_memory_win.cc(73)] ReadMemory at 0x7ff82ad00000 of 64 bytes failed: Only part of a ReadProcessMemory or WriteProcessMemory request was completed. (0x12B)
[0427/144440.542:WARNING:pe_image_reader.cc(340)] could not read dos header from C:\Windows\System32\kernel.appcore.dll
[0427/144440.542:ERROR:process_memory_win.cc(73)] ReadMemory at 0x7ff82afc0000 of 64 bytes failed: Only part of a ReadProcessMemory or WriteProcessMemory request was completed. (0x12B)
[0427/144440.542:WARNING:pe_image_reader.cc(340)] could not read dos header from C:\Windows\System32\bcrypt.dll
[0427/144440.542:ERROR:process_memory_win.cc(73)] ReadMemory at 0x7ff826570000 of 64 bytes failed: Only part of a ReadProcessMemory or WriteProcessMemory request was completed. (0x12B)
[0427/144440.542:WARNING:pe_image_reader.cc(340)] could not read dos header from C:\Windows\SYSTEM32\dbghelp.dll
[0427/144440.542:ERROR:process_memory_win.cc(73)] ReadMemory at 0x7ff821500000 of 64 bytes failed: Only part of a ReadProcessMemory or WriteProcessMemory request was completed. (0x12B)
[0427/144440.542:WARNING:pe_image_reader.cc(340)] could not read dos header from C:\Windows\SYSTEM32\WINHTTP.dll
[0427/144440.542:ERROR:process_memory_win.cc(73)] ReadMemory at 0x7ff81d910000 of 64 bytes failed: Only part of a ReadProcessMemory or WriteProcessMemory request was completed. (0x12B)
[0427/144440.542:WARNING:pe_image_reader.cc(340)] could not read dos header from C:\Windows\SYSTEM32\dhcpcsvc.DLL
[0427/144440.542:ERROR:process_memory_win.cc(73)] ReadMemory at 0x7ff82c8f0000 of 64 bytes failed: Only part of a ReadProcessMemory or WriteProcessMemory request was completed. (0x12B)
[0427/144440.542:WARNING:pe_image_reader.cc(340)] could not read dos header from C:\Windows\System32\NSI.dll
[0427/144440.542:ERROR:process_memory_win.cc(73)] ReadMemory at 0x7ff8253e0000 of 64 bytes failed: Only part of a ReadProcessMemory or WriteProcessMemory request was completed. (0x12B)
[0427/144440.542:WARNING:pe_image_reader.cc(340)] could not read dos header from C:\Windows\SYSTEM32\WINMMBASE.dll
[0427/144440.542:ERROR:process_memory_win.cc(73)] ReadMemory at 0x7ff82be40000 of 64 bytes failed: Only part of a ReadProcessMemory or WriteProcessMemory request was completed. (0x12B)
[0427/144440.542:WARNING:pe_image_reader.cc(340)] could not read dos header from C:\Windows\System32\cfgmgr32.dll
[0427/144440.542:ERROR:process_memory_win.cc(73)] ReadMemory at 0x7ff823f90000 of 64 bytes failed: Only part of a ReadProcessMemory or WriteProcessMemory request was completed. (0x12B)
[0427/144440.542:WARNING:pe_image_reader.cc(340)] could not read dos header from C:\Windows\SYSTEM32\PROPSYS.dll
[0427/144440.542:ERROR:process_memory_win.cc(73)] ReadMemory at 0x7ff82d430000 of 64 bytes failed: Only part of a ReadProcessMemory or WriteProcessMemory request was completed. (0x12B)
[0427/144440.542:WARNING:pe_image_reader.cc(340)] could not read dos header from C:\Windows\System32\shcore.dll
[0427/144440.542:ERROR:process_memory_win.cc(73)] ReadMemory at 0x7ff82abc0000 of 64 bytes failed: Only part of a ReadProcessMemory or WriteProcessMemory request was completed. (0x12B)
[0427/144440.542:WARNING:pe_image_reader.cc(340)] could not read dos header from C:\Windows\SYSTEM32\SSPICLI.DLL
[0427/144440.542:ERROR:process_memory_win.cc(73)] ReadMemory at 0x7ff82a6e0000 of 64 bytes failed: Only part of a ReadProcessMemory or WriteProcessMemory request was completed. (0x12B)
[0427/144440.542:WARNING:pe_image_reader.cc(340)] could not read dos header from C:\Windows\SYSTEM32\CRYPTBASE.DLL
[0427/144440.542:ERROR:process_memory_win.cc(73)] ReadMemory at 0x7ff793b90000 of 64 bytes failed: Only part of a ReadProcessMemory or WriteProcessMemory request was completed. (0x12B)
[0427/144440.542:WARNING:pe_image_reader.cc(340)] could not read dos header from C:\Program Files (x86)\Google\Chrome\Application\chrome.exe
[0427/144440.542:ERROR:process_memory_win.cc(73)] ReadMemory at 0x7ff82dde0000 of 64 bytes failed: Only part of a ReadProcessMemory or WriteProcessMemory request was completed. (0x12B)
[0427/144440.542:WARNING:pe_image_reader.cc(340)] could not read dos header from C:\Windows\SYSTEM32\ntdll.dll
[0427/144440.542:ERROR:process_memory_win.cc(73)] ReadMemory at 0x7ff82c600000 of 64 bytes failed: Only part of a ReadProcessMemory or WriteProcessMemory request was completed. (0x12B)
[0427/144440.542:WARNING:pe_image_reader.cc(340)] could not read dos header from C:\Windows\System32\KERNEL32.DLL
[0427/144440.542:ERROR:process_memory_win.cc(73)] ReadMemory at 0x7ff82aff0000 of 64 bytes failed: Only part of a ReadProcessMemory or WriteProcessMemory request was completed. (0x12B)
[0427/144440.542:WARNING:pe_image_reader.cc(340)] could not read dos header from C:\Windows\System32\KERNELBASE.dll
[0427/144440.542:ERROR:process_memory_win.cc(73)] ReadMemory at 0x7fffe6930000 of 64 bytes failed: Only part of a ReadProcessMemory or WriteProcessMemory request was completed. (0x12B)
[0427/144440.542:WARNING:pe_image_reader.cc(340)] could not read dos header from C:\Program Files (x86)\Google\Chrome\Application\81.0.4044.122\chrome_elf.dll
[0427/144440.542:ERROR:process_memory_win.cc(73)] ReadMemory at 0x7ff8214f0000 of 64 bytes failed: Only part of a ReadProcessMemory or WriteProcessMemory request was completed. (0x12B)
[0427/144440.542:WARNING:pe_image_reader.cc(340)] could not read dos header from C:\Windows\SYSTEM32\VERSION.dll
[0427/144440.542:ERROR:process_memory_win.cc(73)] ReadMemory at 0x7ff82c560000 of 64 bytes failed: Only part of a ReadProcessMemory or WriteProcessMemory request was completed. (0x12B)
[0427/144440.542:WARNING:pe_image_reader.cc(340)] could not read dos header from C:\Windows\System32\msvcrt.dll
[0427/144440.542:ERROR:process_memory_win.cc(73)] ReadMemory at 0x7ff82ada0000 of 64 bytes failed: Only part of a ReadProcessMemory or WriteProcessMemory request was completed. (0x12B)
[0427/144440.542:WARNING:pe_image_reader.cc(340)] could not read dos header from C:\Windows\System32\bcryptPrimitives.dll
[0427/144440.542:ERROR:process_memory_win.cc(73)] ReadMemory at 0x7ff82c2a0000 of 64 bytes failed: Only part of a ReadProcessMemory or WriteProcessMemory request was completed. (0x12B)
[0427/144440.542:WARNING:pe_image_reader.cc(340)] could not read dos header from C:\Windows\System32\ADVAPI32.dll
[0427/144440.542:ERROR:process_memory_win.cc(73)] ReadMemory at 0x7ff82c4c0000 of 64 bytes failed: Only part of a ReadProcessMemory or WriteProcessMemory request was completed. (0x12B)
[0427/144440.542:WARNING:pe_image_reader.cc(340)] could not read dos header from C:\Windows\System32\sechost.dll
[0427/144440.542:ERROR:process_memory_win.cc(73)] ReadMemory at 0x7ff82ca50000 of 64 bytes failed: Only part of a ReadProcessMemory or WriteProcessMemory request was completed. (0x12B)
[0427/144440.542:WARNING:pe_image_reader.cc(340)] could not read dos header from C:\Windows\System32\RPCRT4.dll
[0427/144440.542:ERROR:process_memory_win.cc(73)] ReadMemory at 0x7fffa42c0000 of 64 bytes failed: Only part of a ReadProcessMemory or WriteProcessMemory request was completed. (0x12B)
[0427/144440.542:WARNING:pe_image_reader.cc(340)] could not read dos header from C:\Program Files (x86)\Google\Chrome\Application\81.0.4044.122\chrome.dll
[0427/144440.542:ERROR:process_memory_win.cc(73)] ReadMemory at 0x7ff82c900000 of 64 bytes failed: Only part of a ReadProcessMemory or WriteProcessMemory request was completed. (0x12B)
[0427/144440.542:WARNING:pe_image_reader.cc(340)] could not read dos header from C:\Windows\System32\WS2_32.dll
[0427/144440.542:ERROR:process_memory_win.cc(73)] ReadMemory at 0x7ff82cbd0000 of 64 bytes failed: Only part of a ReadProcessMemory or WriteProcessMemory request was completed. (0x12B)
[0427/144440.542:WARNING:pe_image_reader.cc(340)] could not read dos header from C:\Windows\System32\OLEAUT32.dll
[0427/144440.542:ERROR:process_memory_win.cc(73)] ReadMemory at 0x7ff82bcd0000 of 64 bytes failed: Only part of a ReadProcessMemory or WriteProcessMemory request was completed. (0x12B)
[0427/144440.542:WARNING:pe_image_reader.cc(340)] could not read dos header from C:\Windows\System32\msvcp_win.dll
[0427/144440.542:ERROR:process_memory_win.cc(73)] ReadMemory at 0x7ff82b2a0000 of 64 bytes failed: Only part of a ReadProcessMemory or WriteProcessMemory request was completed. (0x12B)
[0427/144440.542:WARNING:pe_image_reader.cc(340)] could not read dos header from C:\Windows\System32\ucrtbase.dll
[0427/144440.542:ERROR:process_memory_win.cc(73)] ReadMemory at 0x7ff82be90000 of 64 bytes failed: Only part of a ReadProcessMemory or WriteProcessMemory request was completed. (0x12B)
[0427/144440.542:WARNING:pe_image_reader.cc(340)] could not read dos header from C:\Windows\System32\combase.dll
[0427/144440.542:ERROR:process_memory_win.cc(73)] ReadMemory at 0x7ff82b3a0000 of 64 bytes failed: Only part of a ReadProcessMemory or WriteProcessMemory request was completed. (0x12B)
[0427/144440.542:WARNING:pe_image_reader.cc(340)] could not read dos header from C:\Windows\System32\WINTRUST.dll
[0427/144440.542:ERROR:process_memory_win.cc(73)] ReadMemory at 0x7ff82ad20000 of 64 bytes failed: Only part of a ReadProcessMemory or WriteProcessMemory request was completed. (0x12B)
[0427/144440.542:WARNING:pe_image_reader.cc(340)] could not read dos header from C:\Windows\System32\MSASN1.dll
[0427/144440.542:ERROR:process_memory_win.cc(73)] ReadMemory at 0x7ff82bb80000 of 64 bytes failed: Only part of a ReadProcessMemory or WriteProcessMemory request was completed. (0x12B)
[0427/144440.542:WARNING:pe_image_reader.cc(340)] could not read dos header from C:\Windows\System32\CRYPT32.dll
[0427/144440.542:ERROR:process_memory_win.cc(73)] ReadMemory at 0x7ff82a220000 of 64 bytes failed: Only part of a ReadProcessMemory or WriteProcessMemory request was completed. (0x12B)
[0427/144440.542:WARNING:pe_image_reader.cc(340)] could not read dos header from C:\Windows\SYSTEM32\IPHLPAPI.DLL
[0427/144440.542:ERROR:process_memory_win.cc(73)] ReadMemory at 0x7ff8254f0000 of 64 bytes failed: Only part of a ReadProcessMemory or WriteProcessMemory request was completed. (0x12B)
[0427/144440.542:WARNING:pe_image_reader.cc(340)] could not read dos header from C:\Windows\SYSTEM32\WINMM.dll
[0427/144440.542:ERROR:process_memory_win.cc(73)] ReadMemory at 0x7ff80e950000 of 64 bytes failed: Only part of a ReadProcessMemory or WriteProcessMemory request was completed. (0x12B)
[0427/144440.542:WARNING:pe_image_reader.cc(340)] could not read dos header from C:\Windows\SYSTEM32\Secur32.dll
[0427/144440.542:ERROR:process_memory_win.cc(73)] ReadMemory at 0x7ff82ab90000 of 64 bytes failed: Only part of a ReadProcessMemory or WriteProcessMemory request was completed. (0x12B)
[0427/144440.542:WARNING:pe_image_reader.cc(340)] could not read dos header from C:\Windows\SYSTEM32\USERENV.dll
[0427/144440.542:ERROR:process_memory_win.cc(73)] ReadMemory at 0x7ff82ad40000 of 64 bytes failed: Only part of a ReadProcessMemory or WriteProcessMemory request was completed. (0x12B)
[0427/144440.542:WARNING:pe_image_reader.cc(340)] could not read dos header from C:\Windows\System32\profapi.dll
[0427/144440.542:ERROR:process_memory_win.cc(73)] ReadMemory at 0x7ffff0b00000 of 64 bytes failed: Only part of a ReadProcessMemory or WriteProcessMemory request was completed. (0x12B)
[0427/144440.542:WARNING:pe_image_reader.cc(340)] could not read dos header from C:\Windows\SYSTEM32\UIAutomationCore.DLL
[0427/144440.542:ERROR:process_memory_win.cc(73)] ReadMemory at 0x7ff8185a0000 of 64 bytes failed: Only part of a ReadProcessMemory or WriteProcessMemory request was completed. (0x12B)
[0427/144440.542:WARNING:pe_image_reader.cc(340)] could not read dos header from C:\Windows\SYSTEM32\DWrite.dll
[0427/144440.542:ERROR:process_memory_win.cc(73)] ReadMemory at 0x7ff80edb0000 of 64 bytes failed: Only part of a ReadProcessMemory or WriteProcessMemory request was completed. (0x12B)
[0427/144440.542:WARNING:pe_image_reader.cc(340)] could not read dos header from C:\Windows\SYSTEM32\WINSPOOL.DRV
[0427/144440.542:ERROR:process_memory_win.cc(73)] ReadMemory at 0x7ff82ad00000 of 64 bytes failed: Only part of a ReadProcessMemory or WriteProcessMemory request was completed. (0x12B)
[0427/144440.542:WARNING:pe_image_reader.cc(340)] could not read dos header from C:\Windows\System32\kernel.appcore.dll
[0427/144440.542:ERROR:process_memory_win.cc(73)] ReadMemory at 0x7ff82afc0000 of 64 bytes failed: Only part of a ReadProcessMemory or WriteProcessMemory request was completed. (0x12B)
[0427/144440.542:WARNING:pe_image_reader.cc(340)] could not read dos header from C:\Windows\System32\bcrypt.dll
[0427/144440.542:ERROR:process_memory_win.cc(73)] ReadMemory at 0x7ff826570000 of 64 bytes failed: Only part of a ReadProcessMemory or WriteProcessMemory request was completed. (0x12B)
[0427/144440.542:WARNING:pe_image_reader.cc(340)] could not read dos header from C:\Windows\SYSTEM32\dbghelp.dll
[0427/144440.542:ERROR:process_memory_win.cc(73)] ReadMemory at 0x7ff821500000 of 64 bytes failed: Only part of a ReadProcessMemory or WriteProcessMemory request was completed. (0x12B)
[0427/144440.542:WARNING:pe_image_reader.cc(340)] could not read dos header from C:\Windows\SYSTEM32\WINHTTP.dll
[0427/144440.542:ERROR:process_memory_win.cc(73)] ReadMemory at 0x7ff81d910000 of 64 bytes failed: Only part of a ReadProcessMemory or WriteProcessMemory request was completed. (0x12B)
[0427/144440.542:WARNING:pe_image_reader.cc(340)] could not read dos header from C:\Windows\SYSTEM32\dhcpcsvc.DLL
[0427/144440.542:ERROR:process_memory_win.cc(73)] ReadMemory at 0x7ff82c8f0000 of 64 bytes failed: Only part of a ReadProcessMemory or WriteProcessMemory request was completed. (0x12B)
[0427/144440.542:WARNING:pe_image_reader.cc(340)] could not read dos header from C:\Windows\System32\NSI.dll
[0427/144440.542:ERROR:process_memory_win.cc(73)] ReadMemory at 0x7ff8253e0000 of 64 bytes failed: Only part of a ReadProcessMemory or WriteProcessMemory request was completed. (0x12B)
[0427/144440.542:WARNING:pe_image_reader.cc(340)] could not read dos header from C:\Windows\SYSTEM32\WINMMBASE.dll
[0427/144440.542:ERROR:process_memory_win.cc(73)] ReadMemory at 0x7ff82be40000 of 64 bytes failed: Only part of a ReadProcessMemory or WriteProcessMemory request was completed. (0x12B)
[0427/144440.542:WARNING:pe_image_reader.cc(340)] could not read dos header from C:\Windows\System32\cfgmgr32.dll
[0427/144440.542:ERROR:process_memory_win.cc(73)] ReadMemory at 0x7ff823f90000 of 64 bytes failed: Only part of a ReadProcessMemory or WriteProcessMemory request was completed. (0x12B)
[0427/144440.542:WARNING:pe_image_reader.cc(340)] could not read dos header from C:\Windows\SYSTEM32\PROPSYS.dll
[0427/144440.542:ERROR:process_memory_win.cc(73)] ReadMemory at 0x7ff82d430000 of 64 bytes failed: Only part of a ReadProcessMemory or WriteProcessMemory request was completed. (0x12B)
[0427/144440.542:WARNING:pe_image_reader.cc(340)] could not read dos header from C:\Windows\System32\shcore.dll
[0427/144440.542:ERROR:process_memory_win.cc(73)] ReadMemory at 0x7ff82abc0000 of 64 bytes failed: Only part of a ReadProcessMemory or WriteProcessMemory request was completed. (0x12B)
[0427/144440.542:WARNING:pe_image_reader.cc(340)] could not read dos header from C:\Windows\SYSTEM32\SSPICLI.DLL
[0427/144440.542:ERROR:process_memory_win.cc(73)] ReadMemory at 0x7ff82a6e0000 of 64 bytes failed: Only part of a ReadProcessMemory or WriteProcessMemory request was completed. (0x12B)
[0427/144440.542:WARNING:pe_image_reader.cc(340)] could not read dos header from C:\Windows\SYSTEM32\CRYPTBASE.DLL
[0427/144440.560:ERROR:process_memory_win.cc(73)] ReadMemory at 0x5da49f2000 of 57344 bytes failed: Only part of a ReadProcessMemory or WriteProcessMemory request was completed. (0x12B)
[0427/144440.560:ERROR:process_memory_win.cc(73)] ReadMemory at 0x5da51fd000 of 12288 bytes failed: Only part of a ReadProcessMemory or WriteProcessMemory request was completed. (0x12B)
[0427/144440.560:ERROR:process_memory_win.cc(73)] ReadMemory at 0x5da59f6000 of 40960 bytes failed: Only part of a ReadProcessMemory or WriteProcessMemory request was completed. (0x12B)
[0427/144440.560:ERROR:process_memory_win.cc(73)] ReadMemory at 0x5da61fc000 of 16384 bytes failed: Only part of a ReadProcessMemory or WriteProcessMemory request was completed. (0x12B)
[0427/144440.560:ERROR:process_memory_win.cc(73)] ReadMemory at 0x5da69fc000 of 16384 bytes failed: Only part of a ReadProcessMemory or WriteProcessMemory request was completed. (0x12B)
[0427/144440.560:ERROR:process_memory_win.cc(73)] ReadMemory at 0x5da71fe000 of 8192 bytes failed: Only part of a ReadProcessMemory or WriteProcessMemory request was completed. (0x12B)
[0427/144440.560:ERROR:process_memory_win.cc(73)] ReadMemory at 0x5da79fd000 of 12288 bytes failed: Only part of a ReadProcessMemory or WriteProcessMemory request was completed. (0x12B)
[0427/144440.560:ERROR:process_memory_win.cc(73)] ReadMemory at 0x5da81fb000 of 20480 bytes failed: Only part of a ReadProcessMemory or WriteProcessMemory request was completed. (0x12B)
[0427/144440.560:ERROR:process_memory_win.cc(73)] ReadMemory at 0x5da89fd000 of 12288 bytes failed: Only part of a ReadProcessMemory or WriteProcessMemory request was completed. (0x12B)
[0427/144440.560:ERROR:process_memory_win.cc(73)] ReadMemory at 0x5da91fd000 of 12288 bytes failed: Only part of a ReadProcessMemory or WriteProcessMemory request was completed. (0x12B)
[0427/144440.560:ERROR:process_memory_win.cc(73)] ReadMemory at 0x5da99fd000 of 12288 bytes failed: Only part of a ReadProcessMemory or WriteProcessMemory request was completed. (0x12B)
[0427/144440.560:ERROR:process_memory_win.cc(73)] ReadMemory at 0x5daa1fd000 of 12288 bytes failed: Only part of a ReadProcessMemory or WriteProcessMemory request was completed. (0x12B)
[0427/144440.560:ERROR:process_memory_win.cc(73)] ReadMemory at 0x5daa9f6000 of 40960 bytes failed: Only part of a ReadProcessMemory or WriteProcessMemory request was completed. (0x12B)
[0427/144440.560:ERROR:process_memory_win.cc(73)] ReadMemory at 0x5dab1fd000 of 12288 bytes failed: Only part of a ReadProcessMemory or WriteProcessMemory request was completed. (0x12B)
[0427/144440.560:ERROR:process_memory_win.cc(73)] ReadMemory at 0x5dab9fd000 of 12288 bytes failed: Only part of a ReadProcessMemory or WriteProcessMemory request was completed. (0x12B)
[0427/144440.560:ERROR:process_memory_win.cc(73)] ReadMemory at 0x5dac1fc000 of 16384 bytes failed: Only part of a ReadProcessMemory or WriteProcessMemory request was completed. (0x12B)
[0427/144440.560:ERROR:process_memory_win.cc(73)] ReadMemory at 0x5dac9fd000 of 12288 bytes failed: Only part of a ReadProcessMemory or WriteProcessMemory request was completed. (0x12B)
[0427/144440.560:ERROR:process_memory_win.cc(73)] ReadMemory at 0x5da41b7000 of 852 bytes failed: Only part of a ReadProcessMemory or WriteProcessMemory request was completed. (0x12B)
[0427/144440.560:ERROR:process_memory_win.cc(73)] ReadMemory at 0x5da41b8000 of 6024 bytes failed: Only part of a ReadProcessMemory or WriteProcessMemory request was completed. (0x12B)
[0427/144440.560:ERROR:process_memory_win.cc(73)] ReadMemory at 0x5da41ba000 of 6024 bytes failed: Only part of a ReadProcessMemory or WriteProcessMemory request was completed. (0x12B)
[0427/144440.560:ERROR:process_memory_win.cc(73)] ReadMemory at 0x5da41bc000 of 6024 bytes failed: Only part of a ReadProcessMemory or WriteProcessMemory request was completed. (0x12B)
[0427/144440.560:ERROR:process_memory_win.cc(73)] ReadMemory at 0x5da41be000 of 6024 bytes failed: Only part of a ReadProcessMemory or WriteProcessMemory request was completed. (0x12B)
[0427/144440.560:ERROR:process_memory_win.cc(73)] ReadMemory at 0x5da41c0000 of 6024 bytes failed: Only part of a ReadProcessMemory or WriteProcessMemory request was completed. (0x12B)
[0427/144440.560:ERROR:process_memory_win.cc(73)] ReadMemory at 0x5da41c2000 of 6024 bytes failed: Only part of a ReadProcessMemory or WriteProcessMemory request was completed. (0x12B)
[0427/144440.560:ERROR:process_memory_win.cc(73)] ReadMemory at 0x5da41c4000 of 6024 bytes failed: Only part of a ReadProcessMemory or WriteProcessMemory request was completed. (0x12B)
[0427/144440.560:ERROR:process_memory_win.cc(73)] ReadMemory at 0x5da41c6000 of 6024 bytes failed: Only part of a ReadProcessMemory or WriteProcessMemory request was completed. (0x12B)
[0427/144440.560:ERROR:process_memory_win.cc(73)] ReadMemory at 0x5da41c8000 of 6024 bytes failed: Only part of a ReadProcessMemory or WriteProcessMemory request was completed. (0x12B)
[0427/144440.560:ERROR:process_memory_win.cc(73)] ReadMemory at 0x5da41ca000 of 6024 bytes failed: Only part of a ReadProcessMemory or WriteProcessMemory request was completed. (0x12B)
[0427/144440.560:ERROR:process_memory_win.cc(73)] ReadMemory at 0x5da41cc000 of 6024 bytes failed: Only part of a ReadProcessMemory or WriteProcessMemory request was completed. (0x12B)
[0427/144440.560:ERROR:process_memory_win.cc(73)] ReadMemory at 0x5da41ce000 of 6024 bytes failed: Only part of a ReadProcessMemory or WriteProcessMemory request was completed. (0x12B)
[0427/144440.563:ERROR:process_memory_win.cc(73)] ReadMemory at 0x5da41d0000 of 6024 bytes failed: Only part of a ReadProcessMemory or WriteProcessMemory request was completed. (0x12B)
[0427/144440.563:ERROR:process_memory_win.cc(73)] ReadMemory at 0x5da41d2000 of 6024 bytes failed: Only part of a ReadProcessMemory or WriteProcessMemory request was completed. (0x12B)
[0427/144440.563:ERROR:process_memory_win.cc(73)] ReadMemory at 0x5da41d4000 of 6024 bytes failed: Only part of a ReadProcessMemory or WriteProcessMemory request was completed. (0x12B)
[0427/144440.563:ERROR:process_memory_win.cc(73)] ReadMemory at 0x5da41d6000 of 6024 bytes failed: Only part of a ReadProcessMemory or WriteProcessMemory request was completed. (0x12B)
[0427/144440.563:ERROR:process_memory_win.cc(73)] ReadMemory at 0x5da41d8000 of 6024 bytes failed: Only part of a ReadProcessMemory or WriteProcessMemory request was completed. (0x12B)
[0427/144440.563:ERROR:process_memory_win.cc(73)] ReadMemory at 0x2592e1b0750 of 80 bytes failed: Only part of a ReadProcessMemory or WriteProcessMemory request was completed. (0x12B)
[0427/144440.563:ERROR:process_memory_win.cc(73)] ReadMemory at 0x2592e1b0fe0 of 17178 bytes failed: Only part of a ReadProcessMemory or WriteProcessMemory request was completed. (0x12B)
[0427/144440.563:ERROR:process_memory_win.cc(73)] ReadMemory at 0x2592e1b5310 of 1012 bytes failed: Only part of a ReadProcessMemory or WriteProcessMemory request was completed. (0x12B)
[0427/144440.563:ERROR:process_memory_win.cc(73)] ReadMemory at 0x2592e1b5958 of 118 bytes failed: Only part of a ReadProcessMemory or WriteProcessMemory request was completed. (0x12B)
[0427/144440.563:ERROR:process_memory_win.cc(73)] ReadMemory at 0x2592e1b59d0 of 758 bytes failed: Only part of a ReadProcessMemory or WriteProcessMemory request was completed. (0x12B)
[0427/144440.563:ERROR:process_memory_win.cc(73)] ReadMemory at 0x2592e1b5cc8 of 118 bytes failed: Only part of a ReadProcessMemory or WriteProcessMemory request was completed. (0x12B)
[0427/144440.563:ERROR:process_memory_win.cc(73)] ReadMemory at 0x2592e1b5d40 of 100 bytes failed: Only part of a ReadProcessMemory or WriteProcessMemory request was completed. (0x12B)
[0427/144440.563:ERROR:process_memory_win.cc(73)] ReadMemory at 0x2592e1b5db0 of 58 bytes failed: Only part of a ReadProcessMemory or WriteProcessMemory request was completed. (0x12B)
[0427/144440.563:ERROR:process_memory_win.cc(73)] ReadMemory at 0x2592e1b5eb0 of 132 bytes failed: Only part of a ReadProcessMemory or WriteProcessMemory request was completed. (0x12B)
[0427/144440.563:ERROR:process_memory_win.cc(73)] ReadMemory at 0x2592e1b6040 of 132 bytes failed: Only part of a ReadProcessMemory or WriteProcessMemory request was completed. (0x12B)
[0427/144440.564:ERROR:process_memory_win.cc(73)] ReadMemory at 0x2592e1b6200 of 126 bytes failed: Only part of a ReadProcessMemory or WriteProcessMemory request was completed. (0x12B)
[0427/144440.564:ERROR:process_memory_win.cc(73)] ReadMemory at 0x2592e1b65e0 of 132 bytes failed: Only part of a ReadProcessMemory or WriteProcessMemory request was completed. (0x12B)
[0427/144440.564:ERROR:process_memory_win.cc(73)] ReadMemory at 0x2592e1b6770 of 64 bytes failed: Only part of a ReadProcessMemory or WriteProcessMemory request was completed. (0x12B)
[0427/144440.564:ERROR:process_memory_win.cc(73)] ReadMemory at 0x2592e1b67c0 of 132 bytes failed: Only part of a ReadProcessMemory or WriteProcessMemory request was completed. (0x12B)
[0427/144440.565:ERROR:process_memory_win.cc(73)] ReadMemory at 0x2592e1b68f0 of 132 bytes failed: Only part of a ReadProcessMemory or WriteProcessMemory request was completed. (0x12B)
[0427/144440.565:ERROR:process_memory_win.cc(73)] ReadMemory at 0x2592e1b6bd0 of 132 bytes failed: Only part of a ReadProcessMemory or WriteProcessMemory request was completed. (0x12B)
[0427/144440.565:ERROR:process_memory_win.cc(73)] ReadMemory at 0x2592e1b6d60 of 68 bytes failed: Only part of a ReadProcessMemory or WriteProcessMemory request was completed. (0x12B)
[0427/144440.565:ERROR:process_memory_win.cc(73)] ReadMemory at 0x2592e1b7fb0 of 154 bytes failed: Only part of a ReadProcessMemory or WriteProcessMemory request was completed. (0x12B)
[0427/144440.565:ERROR:process_memory_win.cc(73)] ReadMemory at 0x2592e1b8ed0 of 132 bytes failed: Only part of a ReadProcessMemory or WriteProcessMemory request was completed. (0x12B)
[0427/144440.565:ERROR:process_memory_win.cc(73)] ReadMemory at 0x2592e1b9060 of 60 bytes failed: Only part of a ReadProcessMemory or WriteProcessMemory request was completed. (0x12B)
[0427/144440.565:ERROR:process_memory_win.cc(73)] ReadMemory at 0x2592e1b9f70 of 62 bytes failed: Only part of a ReadProcessMemory or WriteProcessMemory request was completed. (0x12B)
[0427/144440.565:ERROR:process_memory_win.cc(73)] ReadMemory at 0x2592e1bafb0 of 132 bytes failed: Only part of a ReadProcessMemory or WriteProcessMemory request was completed. (0x12B)
[0427/144440.565:ERROR:process_memory_win.cc(73)] ReadMemory at 0x2592e1bb0e0 of 132 bytes failed: Only part of a ReadProcessMemory or WriteProcessMemory request was completed. (0x12B)
[0427/144440.565:ERROR:process_memory_win.cc(73)] ReadMemory at 0x2592e1bb440 of 132 bytes failed: Only part of a ReadProcessMemory or WriteProcessMemory request was completed. (0x12B)
[0427/144440.565:ERROR:process_memory_win.cc(73)] ReadMemory at 0x2592e1bb650 of 132 bytes failed: Only part of a ReadProcessMemory or WriteProcessMemory request was completed. (0x12B)
[0427/144440.565:ERROR:process_memory_win.cc(73)] ReadMemory at 0x2592e1bb7d0 of 132 bytes failed: Only part of a ReadProcessMemory or WriteProcessMemory request was completed. (0x12B)
[0427/144440.565:ERROR:process_memory_win.cc(73)] ReadMemory at 0x2592e1be720 of 66 bytes failed: Only part of a ReadProcessMemory or WriteProcessMemory request was completed. (0x12B)
[0427/144440.565:ERROR:process_memory_win.cc(73)] ReadMemory at 0x2592e1be8b0 of 62 bytes failed: Only part of a ReadProcessMemory or WriteProcessMemory request was completed. (0x12B)
[0427/144440.565:ERROR:process_memory_win.cc(73)] ReadMemory at 0x2592e1be900 of 60 bytes failed: Only part of a ReadProcessMemory or WriteProcessMemory request was completed. (0x12B)
[0427/144440.565:ERROR:process_memory_win.cc(73)] ReadMemory at 0x2592e1be950 of 60 bytes failed: Only part of a ReadProcessMemory or WriteProcessMemory request was completed. (0x12B)
[0427/144440.565:ERROR:process_memory_win.cc(73)] ReadMemory at 0x2592e1be9f0 of 64 bytes failed: Only part of a ReadProcessMemory or WriteProcessMemory request was completed. (0x12B)
[0427/144440.565:ERROR:process_memory_win.cc(73)] ReadMemory at 0x2592e1bea90 of 64 bytes failed: Only part of a ReadProcessMemory or WriteProcessMemory request was completed. (0x12B)
[0427/144440.566:ERROR:process_memory_win.cc(73)] ReadMemory at 0x2592e1beb30 of 62 bytes failed: Only part of a ReadProcessMemory or WriteProcessMemory request was completed. (0x12B)
[0427/144440.566:ERROR:process_memory_win.cc(73)] ReadMemory at 0x2592e1beb80 of 64 bytes failed: Only part of a ReadProcessMemory or WriteProcessMemory request was completed. (0x12B)
[0427/144440.566:ERROR:process_memory_win.cc(73)] ReadMemory at 0x2592e1bed10 of 64 bytes failed: Only part of a ReadProcessMemory or WriteProcessMemory request was completed. (0x12B)
[0427/144440.566:ERROR:process_memory_win.cc(73)] ReadMemory at 0x2592e1beee0 of 132 bytes failed: Only part of a ReadProcessMemory or WriteProcessMemory request was completed. (0x12B)
[0427/144440.566:ERROR:process_memory_win.cc(73)] ReadMemory at 0x2592e1bf010 of 132 bytes failed: Only part of a ReadProcessMemory or WriteProcessMemory request was completed. (0x12B)
[0427/144440.566:ERROR:process_memory_win.cc(73)] ReadMemory at 0x2592e1bf140 of 132 bytes failed: Only part of a ReadProcessMemory or WriteProcessMemory request was completed. (0x12B)
[0427/144440.566:ERROR:process_memory_win.cc(73)] ReadMemory at 0x2592e1bf270 of 132 bytes failed: Only part of a ReadProcessMemory or WriteProcessMemory request was completed. (0x12B)
[0427/144440.566:ERROR:process_memory_win.cc(73)] ReadMemory at 0x2592e1bf3a0 of 132 bytes failed: Only part of a ReadProcessMemory or WriteProcessMemory request was completed. (0x12B)
[0427/144440.566:ERROR:process_memory_win.cc(73)] ReadMemory at 0x2592e1bf4d0 of 132 bytes failed: Only part of a ReadProcessMemory or WriteProcessMemory request was completed. (0x12B)
[0427/144440.566:ERROR:process_memory_win.cc(73)] ReadMemory at 0x2592e1bf600 of 132 bytes failed: Only part of a ReadProcessMemory or WriteProcessMemory request was completed. (0x12B)
[0427/144440.566:ERROR:process_memory_win.cc(73)] ReadMemory at 0x2592e1bf730 of 132 bytes failed: Only part of a ReadProcessMemory or WriteProcessMemory request was completed. (0x12B)
[0427/144440.566:ERROR:process_memory_win.cc(73)] ReadMemory at 0x2592e1bf860 of 132 bytes failed: Only part of a ReadProcessMemory or WriteProcessMemory request was completed. (0x12B)
[0427/144440.566:ERROR:process_memory_win.cc(73)] ReadMemory at 0x2592e1bfac0 of 132 bytes failed: Only part of a ReadProcessMemory or WriteProcessMemory request was completed. (0x12B)
[0427/144440.566:ERROR:process_memory_win.cc(73)] ReadMemory at 0x2592e1bfbf0 of 132 bytes failed: Only part of a ReadProcessMemory or WriteProcessMemory request was completed. (0x12B)
[0427/144440.566:ERROR:process_memory_win.cc(73)] ReadMemory at 0x2592e1bfd20 of 132 bytes failed: Only part of a ReadProcessMemory or WriteProcessMemory request was completed. (0x12B)
[0427/144440.566:ERROR:process_memory_win.cc(73)] ReadMemory at 0x2592e1c2710 of 54 bytes failed: Only part of a ReadProcessMemory or WriteProcessMemory request was completed. (0x12B)
[0427/144440.566:ERROR:process_memory_win.cc(73)] ReadMemory at 0x2592e1c3890 of 132 bytes failed: Only part of a ReadProcessMemory or WriteProcessMemory request was completed. (0x12B)
[0427/144440.566:ERROR:process_memory_win.cc(73)] ReadMemory at 0x2592e1c51b0 of 132 bytes failed: Only part of a ReadProcessMemory or WriteProcessMemory request was completed. (0x12B)
[0427/144440.566:ERROR:process_memory_win.cc(73)] ReadMemory at 0x2592e1c52e0 of 146 bytes failed: Only part of a ReadProcessMemory or WriteProcessMemory request was completed. (0x12B)
[0427/144440.566:ERROR:process_memory_win.cc(73)] ReadMemory at 0x2592e1c8200 of 132 bytes failed: Only part of a ReadProcessMemory or WriteProcessMemory request was completed. (0x12B)
[0427/144440.566:ERROR:process_memory_win.cc(73)] ReadMemory at 0x2592e1c9b90 of 132 bytes failed: Only part of a ReadProcessMemory or WriteProcessMemory request was completed. (0x12B)
[0427/144440.566:ERROR:process_memory_win.cc(73)] ReadMemory at 0x2592e1c9e70 of 132 bytes failed: Only part of a ReadProcessMemory or WriteProcessMemory request was completed. (0x12B)
[0427/144440.566:ERROR:process_memory_win.cc(73)] ReadMemory at 0x2592e1c9ff0 of 80 bytes failed: Only part of a ReadProcessMemory or WriteProcessMemory request was completed. (0x12B)
[0427/144440.566:ERROR:process_memory_win.cc(73)] ReadMemory at 0x2592e1cabf0 of 76 bytes failed: Only part of a ReadProcessMemory or WriteProcessMemory request was completed. (0x12B)
[0427/144440.566:ERROR:process_memory_win.cc(73)] ReadMemory at 0x2592e1cb000 of 64 bytes failed: Only part of a ReadProcessMemory or WriteProcessMemory request was completed. (0x12B)
[0427/144440.566:ERROR:process_memory_win.cc(73)] ReadMemory at 0x2592e1cb050 of 62 bytes failed: Only part of a ReadProcessMemory or WriteProcessMemory request was completed. (0x12B)
[0427/144440.566:ERROR:process_memory_win.cc(73)] ReadMemory at 0x2592e1cb0a0 of 58 bytes failed: Only part of a ReadProcessMemory or WriteProcessMemory request was completed. (0x12B)
[0427/144440.566:ERROR:process_memory_win.cc(73)] ReadMemory at 0x2592e1cb0f0 of 60 bytes failed: Only part of a ReadProcessMemory or WriteProcessMemory request was completed. (0x12B)
[0427/144440.566:ERROR:process_memory_win.cc(73)] ReadMemory at 0x2592e1cb140 of 60 bytes failed: Only part of a ReadProcessMemory or WriteProcessMemory request was completed. (0x12B)
[0427/144440.566:ERROR:process_memory_win.cc(73)] ReadMemory at 0x2592e1cb190 of 64 bytes failed: Only part of a ReadProcessMemory or WriteProcessMemory request was completed. (0x12B)
[0427/144440.566:ERROR:process_memory_win.cc(73)] ReadMemory at 0x2592e1cb370 of 62 bytes failed: Only part of a ReadProcessMemory or WriteProcessMemory request was completed. (0x12B)
[0427/144440.566:ERROR:process_memory_win.cc(73)] ReadMemory at 0x2592e1cb550 of 62 bytes failed: Only part of a ReadProcessMemory or WriteProcessMemory request was completed. (0x12B)
[0427/144440.566:ERROR:process_memory_win.cc(73)] ReadMemory at 0x2592e1cb5a0 of 60 bytes failed: Only part of a ReadProcessMemory or WriteProcessMemory request was completed. (0x12B)
[0427/144440.566:ERROR:process_memory_win.cc(73)] ReadMemory at 0x2592e1cb5f0 of 62 bytes failed: Only part of a ReadProcessMemory or WriteProcessMemory request was completed. (0x12B)
[0427/144440.566:ERROR:process_memory_win.cc(73)] ReadMemory at 0x2592e1cb640 of 62 bytes failed: Only part of a ReadProcessMemory or WriteProcessMemory request was completed. (0x12B)
[0427/144440.566:ERROR:process_memory_win.cc(73)] ReadMemory at 0x2592e1cb730 of 64 bytes failed: Only part of a ReadProcessMemory or WriteProcessMemory request was completed. (0x12B)
[0427/144440.566:ERROR:process_memory_win.cc(73)] ReadMemory at 0x2592e1cb820 of 62 bytes failed: Only part of a ReadProcessMemory or WriteProcessMemory request was completed. (0x12B)
[0427/144440.566:ERROR:process_memory_win.cc(73)] ReadMemory at 0x2592e1cb870 of 64 bytes failed: Only part of a ReadProcessMemory or WriteProcessMemory request was completed. (0x12B)
[0427/144440.566:ERROR:process_memory_win.cc(73)] ReadMemory at 0x2592e1cb8c0 of 62 bytes failed: Only part of a ReadProcessMemory or WriteProcessMemory request was completed. (0x12B)
[0427/144440.566:ERROR:process_memory_win.cc(73)] ReadMemory at 0x2592e1cb910 of 62 bytes failed: Only part of a ReadProcessMemory or WriteProcessMemory request was completed. (0x12B)
[0427/144440.566:ERROR:process_memory_win.cc(73)] ReadMemory at 0x2592e1cbe10 of 60 bytes failed: Only part of a ReadProcessMemory or WriteProcessMemory request was completed. (0x12B)
[0427/144440.566:ERROR:process_memory_win.cc(73)] ReadMemory at 0x2592e1cbeb0 of 66 bytes failed: Only part of a ReadProcessMemory or WriteProcessMemory request was completed. (0x12B)
[0427/144440.566:ERROR:process_memory_win.cc(73)] ReadMemory at 0x2592e1cc020 of 132 bytes failed: Only part of a ReadProcessMemory or WriteProcessMemory request was completed. (0x12B)
[0427/144440.566:ERROR:process_memory_win.cc(73)] ReadMemory at 0x2592e1cc280 of 132 bytes failed: Only part of a ReadProcessMemory or WriteProcessMemory request was completed. (0x12B)
[0427/144440.566:ERROR:process_memory_win.cc(73)] ReadMemory at 0x2592e1cc3b0 of 132 bytes failed: Only part of a ReadProcessMemory or WriteProcessMemory request was completed. (0x12B)
[0427/144440.566:ERROR:process_memory_win.cc(73)] ReadMemory at 0x2592e1cc4e0 of 132 bytes failed: Only part of a ReadProcessMemory or WriteProcessMemory request was completed. (0x12B)
[0427/144440.566:ERROR:process_memory_win.cc(73)] ReadMemory at 0x2592e1cd0c0 of 132 bytes failed: Only part of a ReadProcessMemory or WriteProcessMemory request was completed. (0x12B)
[0427/144440.566:ERROR:process_memory_win.cc(73)] ReadMemory at 0x2592e1cd1f0 of 132 bytes failed: Only part of a ReadProcessMemory or WriteProcessMemory request was completed. (0x12B)
[0427/144440.566:ERROR:process_memory_win.cc(73)] ReadMemory at 0x2592e1cd580 of 132 bytes failed: Only part of a ReadProcessMemory or WriteProcessMemory request was completed. (0x12B)
[0427/144440.566:ERROR:process_memory_win.cc(73)] ReadMemory at 0x2592e1cd910 of 132 bytes failed: Only part of a ReadProcessMemory or WriteProcessMemory request was completed. (0x12B)
[0427/144440.566:ERROR:process_memory_win.cc(73)] ReadMemory at 0x2592e1cdca0 of 132 bytes failed: Only part of a ReadProcessMemory or WriteProcessMemory request was completed. (0x12B)
[0427/144440.566:ERROR:process_memory_win.cc(73)] ReadMemory at 0x2592e1cddd0 of 132 bytes failed: Only part of a ReadProcessMemory or WriteProcessMemory request was completed. (0x12B)
[0427/144440.566:ERROR:process_memory_win.cc(73)] ReadMemory at 0x2592e1e5610 of 512 bytes failed: Only part of a ReadProcessMemory or WriteProcessMemory request was completed. (0x12B)
[0427/144440.566:ERROR:process_memory_win.cc(73)] ReadMemory at 0x2592e1e63b0 of 512 bytes failed: Only part of a ReadProcessMemory or WriteProcessMemory request was completed. (0x12B)
[0427/144440.566:ERROR:process_memory_win.cc(73)] ReadMemory at 0x2592e961480 of 512 bytes failed: Only part of a ReadProcessMemory or WriteProcessMemory request was completed. (0x12B)
[0427/144440.566:ERROR:process_memory_win.cc(73)] ReadMemory at 0x2592e9e0800 of 512 bytes failed: Only part of a ReadProcessMemory or WriteProcessMemory request was completed. (0x12B)
[0427/144440.566:ERROR:process_memory_win.cc(73)] ReadMemory at 0x2592e9e1e90 of 512 bytes failed: Only part of a ReadProcessMemory or WriteProcessMemory request was completed. (0x12B)
[0427/144440.566:ERROR:process_memory_win.cc(73)] ReadMemory at 0x2592e9e28b0 of 512 bytes failed: Only part of a ReadProcessMemory or WriteProcessMemory request was completed. (0x12B)
[0427/144440.566:ERROR:process_memory_win.cc(73)] ReadMemory at 0x2592e9e4830 of 512 bytes failed: Only part of a ReadProcessMemory or WriteProcessMemory request was completed. (0x12B)
[0427/144440.566:ERROR:process_memory_win.cc(73)] ReadMemory at 0x2592ea12a30 of 712 bytes failed: Only part of a ReadProcessMemory or WriteProcessMemory request was completed. (0x12B)
[0427/144440.566:ERROR:process_memory_win.cc(73)] ReadMemory at 0x2593011be80 of 512 bytes failed: Only part of a ReadProcessMemory or WriteProcessMemory request was completed. (0x12B)
[0427/144440.566:ERROR:process_memory_win.cc(73)] ReadMemory at 0x2593014a5d8 of 512 bytes failed: Only part of a ReadProcessMemory or WriteProcessMemory request was completed. (0x12B)
[0427/144440.566:ERROR:process_memory_win.cc(73)] ReadMemory at 0x259302b3cc0 of 512 bytes failed: Only part of a ReadProcessMemory or WriteProcessMemory request was completed. (0x12B)
[0427/144440.566:ERROR:process_memory_win.cc(73)] ReadMemory at 0x2593139e060 of 512 bytes failed: Only part of a ReadProcessMemory or WriteProcessMemory request was completed. (0x12B)
[0427/144440.566:ERROR:process_memory_win.cc(73)] ReadMemory at 0x25931870400 of 512 bytes failed: Only part of a ReadProcessMemory or WriteProcessMemory request was completed. (0x12B)
[0427/144440.566:ERROR:process_memory_win.cc(73)] ReadMemory at 0x2ca50858c905 of 512 bytes failed: Only part of a ReadProcessMemory or WriteProcessMemory request was completed. (0x12B)
[0427/144440.570:ERROR:process_memory_win.cc(73)] ReadMemory at 0x4d3d160b8488 of 512 bytes failed: Only part of a ReadProcessMemory or WriteProcessMemory request was completed. (0x12B)
[0427/144440.570:ERROR:process_memory_win.cc(73)] ReadMemory at 0x7ff82de7c074 of 672 bytes failed: Only part of a ReadProcessMemory or WriteProcessMemory request was completed. (0x12B)
[0427/144440.570:ERROR:process_memory_win.cc(73)] ReadMemory at 0x7ff82de7c674 of 512 bytes failed: Only part of a ReadProcessMemory or WriteProcessMemory request was completed. (0x12B)
[0427/144440.570:ERROR:process_memory_win.cc(73)] ReadMemory at 0x7ff82de7f924 of 608 bytes failed: Only part of a ReadProcessMemory or WriteProcessMemory request was completed. (0x12B)
[0427/144440.570:ERROR:process_memory_win.cc(73)] ReadMemory at 0x7ff82df0c428 of 18 bytes failed: Only part of a ReadProcessMemory or WriteProcessMemory request was completed. (0x12B)
[0427/144440.570:ERROR:process_memory_win.cc(73)] ReadMemory at 0x7ff82df3f4f8 of 40 bytes failed: Only part of a ReadProcessMemory or WriteProcessMemory request was completed. (0x12B)
[0427/144440.570:ERROR:process_memory_win.cc(73)] ReadMemory at 0x7ff82df3f978 of 48 bytes failed: Only part of a ReadProcessMemory or WriteProcessMemory request was completed. (0x12B)
[0427/144440.570:ERROR:process_memory_win.cc(73)] ReadMemory at 0x7ff82df453c0 of 64 bytes failed: Only part of a ReadProcessMemory or WriteProcessMemory request was completed. (0x12B)
[0427/144440.570:ERROR:process_memory_win.cc(73)] ReadMemory at 0x7fffa42c0000 of 384 bytes failed: Only part of a ReadProcessMemory or WriteProcessMemory request was completed. (0x12B)
[0427/144440.570:ERROR:process_memory_win.cc(73)] ReadMemory at 0x7fffa60b4030 of 512 bytes failed: Only part of a ReadProcessMemory or WriteProcessMemory request was completed. (0x12B)
[0427/144440.570:ERROR:process_memory_win.cc(73)] ReadMemory at 0x7fffa641e3fc of 512 bytes failed: Only part of a ReadProcessMemory or WriteProcessMemory request was completed. (0x12B)
[0427/144440.570:ERROR:process_memory_win.cc(73)] ReadMemory at 0x7fffa6978e5c of 512 bytes failed: Only part of a ReadProcessMemory or WriteProcessMemory request was completed. (0x12B)
[0427/144440.570:ERROR:process_memory_win.cc(73)] ReadMemory at 0x7fffa77954bf of 512 bytes failed: Only part of a ReadProcessMemory or WriteProcessMemory request was completed. (0x12B)
[0427/144440.570:ERROR:process_memory_win.cc(73)] ReadMemory at 0x7fffabb49f58 of 512 bytes failed: Only part of a ReadProcessMemory or WriteProcessMemory request was completed. (0x12B)
[0427/144440.573:ERROR:scoped_process_suspend.cc(40)] NtResumeProcess: An attempt was made to access an exiting process. (0xc000010a)
[0428/210807.270:ERROR:process_reader_win.cc(151)] SuspendThread: Access is denied. (0x5)
[0428/210807.273:ERROR:exception_snapshot_win.cc(98)] thread ID 11856 not found in process
[0428/210807.273:ERROR:scoped_process_suspend.cc(40)] NtResumeProcess: An attempt was made to access an exiting process. (0xc000010a)
[0428/232805.626:ERROR:process_info.cc(329)] VirtualQueryEx: Access is denied. (0x5)
[0428/232805.627:ERROR:process_info.cc(556)] ReadMemoryInfo failed
[0428/232805.627:ERROR:process_memory_win.cc(39)] Failed to initialize ProcessInfo.
[0428/232805.627:ERROR:scoped_process_suspend.cc(40)] NtResumeProcess: An attempt was made to access an exiting process. (0xc000010a)
